<?xml version="1.0" encoding="UTF-8"?>
<!-- Generated by org.testng.reporters.JUnitReportReporter -->
<testsuite hostname="LAPTOP-P2QE43U4" failures="0" tests="6" name="cucucmberOptions.TestNgRunner" time="0.297" errors="0" timestamp="2024-07-14T13:13:57 CDT" skipped="0">
  <testcase classname="cucucmberOptions.TestNgRunner" name="runScenario" time="0.035"/>
  <testcase classname="cucucmberOptions.TestNgRunner" name="runScenario" time="0.014"/>
  <testcase classname="cucucmberOptions.TestNgRunner" name="runScenario" time="0.017"/>
  <testcase classname="cucucmberOptions.TestNgRunner" name="runScenario" time="0.146"/>
  <testcase classname="cucucmberOptions.TestNgRunner" name="runScenario" time="0.043"/>
  <testcase classname="cucucmberOptions.TestNgRunner" name="runScenario" time="0.042"/>
</testsuite> <!-- cucucmberOptions.TestNgRunner -->
